NEURO2 UNIFIED WORKFLOW TEST LOG
Date: 2025-07-22 19:39:09.78718 

[2025-07-22 19:39:09] [TEST] Starting unified workflow tests
[2025-07-22 19:39:09] [TEST] Running test: Required files exist
[2025-07-22 19:39:09] [INFO] All required files exist
[2025-07-22 19:39:09] [SUCCESS] Test passed: Required files exist
[2025-07-22 19:39:09] [TEST] Running test: Required packages can be loaded
[2025-07-22 19:39:09] [INFO] All required packages can be loaded
[2025-07-22 19:39:09] [SUCCESS] Test passed: Required packages can be loaded
[2025-07-22 19:39:09] [TEST] Running test: R6 class files exist
[2025-07-22 19:39:09] [WARNING] Some R6 class files are missing:
[2025-07-22 19:39:09] [WARNING]   - R/IQReportGeneratorR6.R
[2025-07-22 19:39:09] [WARNING] Tests will continue but workflow may not function correctly
[2025-07-22 19:39:09] [SUCCESS] Test passed: R6 class files exist
[2025-07-22 19:39:09] [TEST] Running test: Test directories
[2025-07-22 19:39:09] [INFO] Directory exists: data-raw/csv
[2025-07-22 19:39:09] [INFO] Directory exists: data
[2025-07-22 19:39:09] [INFO] Directory exists: output
[2025-07-22 19:39:09] [SUCCESS] Test passed: Test directories
[2025-07-22 19:39:09] [TEST] Running test: Test configuration
[2025-07-22 19:39:09] [INFO] Created test configuration file: test_config.yml
[2025-07-22 19:39:09] [SUCCESS] Test passed: Test configuration
[2025-07-22 19:39:09] [TEST] Running test: Sample data creation
[2025-07-22 19:39:09] [INFO] Created test CSV file: data-raw/csv/test_data.csv
[2025-07-22 19:39:09] [SUCCESS] Test passed: Sample data creation
[2025-07-22 19:39:09] [TEST] Running test: Workflow runner syntax
[2025-07-22 19:39:12] [ERROR] Syntax error: [2025-07-22 19:39:11] [ERROR] Error processing domains: embedded nul in string: 'PAR1\025\004\025J\025NL\025\b\025\0\0\0%\x90\b\0\0\0pegboard\005\0\0\0rbans\003\0\0\0tmt\005\0\0\0wisc5\025\0\025\xd0\001\025@'
[2025-07-22 19:39:12] [ERROR] Test failed: Syntax errors found in unified_workflow_runner.R
[2025-07-22 19:39:12] [TEST] Running test: Shell script syntax
[2025-07-22 19:39:12] [INFO] No syntax errors found in unified_neuropsych_workflow.sh
[2025-07-22 19:39:12] [SUCCESS] Test passed: Shell script syntax
[2025-07-22 19:39:12] [SUMMARY] 
Test Summary:
[2025-07-22 19:39:12] [SUMMARY] Total tests: 8
[2025-07-22 19:39:12] [SUMMARY] Passed: 7
[2025-07-22 19:39:12] [SUMMARY] Failed: 1
[2025-07-22 19:39:12] [WARNING] 
Some tests failed. Please fix the issues before using the workflow.
[2025-07-22 19:39:12] [INFO] Made workflow scripts executable
[2025-07-22 19:39:12] [INFO] Test script completed
